<?xml version="1.0" encoding="UTF-8"?>
<!-- Generated by org.testng.reporters.JUnitReportReporter -->
<testsuite hostname="DESKTOP-0N9T52N" failures="0" tests="1" name="project_001.Project_001" time="0.979" errors="0" timestamp="01 May 2022 14:33:53 GMT" skipped="0">
  <testcase classname="project_001.Project_001" name="extenttest" time="0.979"/>
</testsuite> <!-- project_001.Project_001 -->
